  [1m[35m (44.8ms)[0m  [1m[35mCREATE TABLE "schema_migrations" ("version" character varying NOT NULL PRIMARY KEY)[0m
  [1m[35m (143.7ms)[0m  [1m[35mCREATE TABLE "schema_migrations" ("version" character varying NOT NULL PRIMARY KEY)[0m
  [1m[35m (86.6ms)[0m  [1m[35mCREATE TABLE "ar_internal_metadata" ("key" character varying NOT NULL PRIMARY KEY, "value" character varying, "created_at" timestamp(6) NOT NULL, "updated_at" timestamp(6) NOT NULL)[0m
  [1m[35m (0.2ms)[0m  [1m[34mSELECT pg_try_advisory_lock(7896155541439814355)[0m
  [1m[36mActiveRecord::SchemaMigration Pluck (0.4ms)[0m  [1m[34mSELECT "schema_migrations"."version" FROM "schema_migrations" ORDER BY "schema_migrations"."version" ASC[0m
Migrating to CreateChannels (20221223055314)
  [1m[36mTRANSACTION (0.2ms)[0m  [1m[35mBEGIN[0m
  [1m[35m (68.8ms)[0m  [1m[35mCREATE TABLE "channels" ("id" bigserial primary key, "name" character varying, "created_at" timestamp(6) NOT NULL, "updated_at" timestamp(6) NOT NULL)[0m
  [1m[36mActiveRecord::SchemaMigration Create (0.6ms)[0m  [1m[32mINSERT INTO "schema_migrations" ("version") VALUES ($1) RETURNING "version"[0m  [["version", "20221223055314"]]
  [1m[36mTRANSACTION (13.6ms)[0m  [1m[35mCOMMIT[0m
Migrating to CreateTvSeries (20221223064912)
  [1m[36mTRANSACTION (0.2ms)[0m  [1m[35mBEGIN[0m
  [1m[35m (75.4ms)[0m  [1m[35mCREATE TABLE "tv_series" ("id" bigserial primary key, "name" character varying, "start_time" time, "end_time" time, "channel_id" bigint NOT NULL, "created_at" timestamp(6) NOT NULL, "updated_at" timestamp(6) NOT NULL, CONSTRAINT "fk_rails_2c6afac975"
FOREIGN KEY ("channel_id")
  REFERENCES "channels" ("id")
)[0m
  [1m[35m (30.6ms)[0m  [1m[35mCREATE INDEX "index_tv_series_on_channel_id" ON "tv_series" ("channel_id")[0m
  [1m[36mActiveRecord::SchemaMigration Create (0.8ms)[0m  [1m[32mINSERT INTO "schema_migrations" ("version") VALUES ($1) RETURNING "version"[0m  [["version", "20221223064912"]]
  [1m[36mTRANSACTION (13.7ms)[0m  [1m[35mCOMMIT[0m
  [1m[36mActiveRecord::InternalMetadata Load (0.6ms)[0m  [1m[34mSELECT "ar_internal_metadata".* FROM "ar_internal_metadata" WHERE "ar_internal_metadata"."key" = $1 LIMIT $2[0m  [["key", "environment"], ["LIMIT", 1]]
  [1m[36mTRANSACTION (0.5ms)[0m  [1m[35mBEGIN[0m
  [1m[36mActiveRecord::InternalMetadata Create (1.3ms)[0m  [1m[32mINSERT INTO "ar_internal_metadata" ("key", "value", "created_at", "updated_at") VALUES ($1, $2, $3, $4) RETURNING "key"[0m  [["key", "environment"], ["value", "development"], ["created_at", "2022-12-27 05:37:23.820284"], ["updated_at", "2022-12-27 05:37:23.820284"]]
  [1m[36mTRANSACTION (11.1ms)[0m  [1m[35mCOMMIT[0m
  [1m[35m (0.3ms)[0m  [1m[34mSELECT pg_advisory_unlock(7896155541439814355)[0m
  [1m[36mActiveRecord::SchemaMigration Pluck (0.6ms)[0m  [1m[34mSELECT "schema_migrations"."version" FROM "schema_migrations" ORDER BY "schema_migrations"."version" ASC[0m
  [1m[36mActiveRecord::SchemaMigration Pluck (0.4ms)[0m  [1m[34mSELECT "schema_migrations"."version" FROM "schema_migrations" ORDER BY "schema_migrations"."version" ASC[0m
  [1m[36mTRANSACTION (0.2ms)[0m  [1m[35mBEGIN[0m
  [1m[36mChannel Create (0.6ms)[0m  [1m[32mINSERT INTO "channels" ("name", "created_at", "updated_at") VALUES ($1, $2, $3) RETURNING "id"[0m  [["name", "Star Sports"], ["created_at", "2022-12-27 07:10:24.749088"], ["updated_at", "2022-12-27 07:10:24.749088"]]
  [1m[36mTRANSACTION (25.7ms)[0m  [1m[35mCOMMIT[0m
  [1m[36mTRANSACTION (0.2ms)[0m  [1m[35mBEGIN[0m
  [1m[36mChannel Create (0.5ms)[0m  [1m[32mINSERT INTO "channels" ("name", "created_at", "updated_at") VALUES ($1, $2, $3) RETURNING "id"[0m  [["name", "Ten Sports"], ["created_at", "2022-12-27 07:10:24.779736"], ["updated_at", "2022-12-27 07:10:24.779736"]]
  [1m[36mTRANSACTION (10.9ms)[0m  [1m[35mCOMMIT[0m
  [1m[36mTRANSACTION (0.3ms)[0m  [1m[35mBEGIN[0m
  [1m[36mChannel Create (0.5ms)[0m  [1m[32mINSERT INTO "channels" ("name", "created_at", "updated_at") VALUES ($1, $2, $3) RETURNING "id"[0m  [["name", "ESPN"], ["created_at", "2022-12-27 07:10:24.796727"], ["updated_at", "2022-12-27 07:10:24.796727"]]
  [1m[36mTRANSACTION (11.1ms)[0m  [1m[35mCOMMIT[0m
  [1m[36mTRANSACTION (0.3ms)[0m  [1m[35mBEGIN[0m
  [1m[36mChannel Create (0.5ms)[0m  [1m[32mINSERT INTO "channels" ("name", "created_at", "updated_at") VALUES ($1, $2, $3) RETURNING "id"[0m  [["name", "Jio Sports"], ["created_at", "2022-12-27 07:10:24.813908"], ["updated_at", "2022-12-27 07:10:24.813908"]]
  [1m[36mTRANSACTION (9.6ms)[0m  [1m[35mCOMMIT[0m
  [1m[36mTRANSACTION (0.2ms)[0m  [1m[35mBEGIN[0m
  [1m[36mTvSeries Create (4.0ms)[0m  [1m[32mINSERT INTO "tv_series" ("name", "start_time", "end_time", "channel_id", "created_at", "updated_at") VALUES ($1, $2, $3, $4, $5, $6) RETURNING "id"[0m  [["name", "IND vs PAK Highlights"], ["start_time", "12:00:00"], ["end_time", "13:00:00"], ["channel_id", 1], ["created_at", "2022-12-27 07:10:24.855170"], ["updated_at", "2022-12-27 07:10:24.855170"]]
  [1m[36mTRANSACTION (8.5ms)[0m  [1m[35mCOMMIT[0m
  [1m[36mTRANSACTION (0.2ms)[0m  [1m[35mBEGIN[0m
  [1m[36mTvSeries Create (0.5ms)[0m  [1m[32mINSERT INTO "tv_series" ("name", "start_time", "end_time", "channel_id", "created_at", "updated_at") VALUES ($1, $2, $3, $4, $5, $6) RETURNING "id"[0m  [["name", "IND vs AUS Highlights"], ["start_time", "13:00:00"], ["end_time", "14:00:00"], ["channel_id", 1], ["created_at", "2022-12-27 07:10:24.871623"], ["updated_at", "2022-12-27 07:10:24.871623"]]
  [1m[36mTRANSACTION (3.1ms)[0m  [1m[35mCOMMIT[0m
  [1m[36mTRANSACTION (0.2ms)[0m  [1m[35mBEGIN[0m
  [1m[36mTvSeries Create (0.4ms)[0m  [1m[32mINSERT INTO "tv_series" ("name", "start_time", "end_time", "channel_id", "created_at", "updated_at") VALUES ($1, $2, $3, $4, $5, $6) RETURNING "id"[0m  [["name", "Talk Show"], ["start_time", "14:00:00"], ["end_time", "15:00:00"], ["channel_id", 1], ["created_at", "2022-12-27 07:10:24.880096"], ["updated_at", "2022-12-27 07:10:24.880096"]]
  [1m[36mTRANSACTION (3.3ms)[0m  [1m[35mCOMMIT[0m
  [1m[36mTRANSACTION (0.2ms)[0m  [1m[35mBEGIN[0m
  [1m[36mTvSeries Create (0.4ms)[0m  [1m[32mINSERT INTO "tv_series" ("name", "start_time", "end_time", "channel_id", "created_at", "updated_at") VALUES ($1, $2, $3, $4, $5, $6) RETURNING "id"[0m  [["name", "Strategy"], ["start_time", "15:00:00"], ["end_time", "16:00:00"], ["channel_id", 2], ["created_at", "2022-12-27 07:10:24.888195"], ["updated_at", "2022-12-27 07:10:24.888195"]]
  [1m[36mTRANSACTION (4.3ms)[0m  [1m[35mCOMMIT[0m
  [1m[36mTRANSACTION (0.2ms)[0m  [1m[35mBEGIN[0m
  [1m[36mTvSeries Create (0.4ms)[0m  [1m[32mINSERT INTO "tv_series" ("name", "start_time", "end_time", "channel_id", "created_at", "updated_at") VALUES ($1, $2, $3, $4, $5, $6) RETURNING "id"[0m  [["name", "IPL Highlights"], ["start_time", "16:00:00"], ["end_time", "17:00:00"], ["channel_id", 2], ["created_at", "2022-12-27 07:10:24.896297"], ["updated_at", "2022-12-27 07:10:24.896297"]]
  [1m[36mTRANSACTION (4.0ms)[0m  [1m[35mCOMMIT[0m
  [1m[36mTRANSACTION (0.2ms)[0m  [1m[35mBEGIN[0m
  [1m[36mTvSeries Create (0.4ms)[0m  [1m[32mINSERT INTO "tv_series" ("name", "start_time", "end_time", "channel_id", "created_at", "updated_at") VALUES ($1, $2, $3, $4, $5, $6) RETURNING "id"[0m  [["name", "Talk Show"], ["start_time", "17:00:00"], ["end_time", "18:00:00"], ["channel_id", 2], ["created_at", "2022-12-27 07:10:24.904945"], ["updated_at", "2022-12-27 07:10:24.904945"]]
  [1m[36mTRANSACTION (3.7ms)[0m  [1m[35mCOMMIT[0m
  [1m[36mTRANSACTION (0.2ms)[0m  [1m[35mBEGIN[0m
  [1m[36mTvSeries Create (0.3ms)[0m  [1m[32mINSERT INTO "tv_series" ("name", "start_time", "end_time", "channel_id", "created_at", "updated_at") VALUES ($1, $2, $3, $4, $5, $6) RETURNING "id"[0m  [["name", "IPL Showdown"], ["start_time", "12:00:00"], ["end_time", "13:00:00"], ["channel_id", 3], ["created_at", "2022-12-27 07:10:24.913360"], ["updated_at", "2022-12-27 07:10:24.913360"]]
  [1m[36mTRANSACTION (4.0ms)[0m  [1m[35mCOMMIT[0m
  [1m[36mTRANSACTION (0.2ms)[0m  [1m[35mBEGIN[0m
  [1m[36mTvSeries Create (0.4ms)[0m  [1m[32mINSERT INTO "tv_series" ("name", "start_time", "end_time", "channel_id", "created_at", "updated_at") VALUES ($1, $2, $3, $4, $5, $6) RETURNING "id"[0m  [["name", "Talk with Kohli"], ["start_time", "13:00:00"], ["end_time", "14:00:00"], ["channel_id", 3], ["created_at", "2022-12-27 07:10:24.921778"], ["updated_at", "2022-12-27 07:10:24.921778"]]
  [1m[36mTRANSACTION (3.3ms)[0m  [1m[35mCOMMIT[0m
  [1m[36mTRANSACTION (0.2ms)[0m  [1m[35mBEGIN[0m
  [1m[36mTvSeries Create (0.3ms)[0m  [1m[32mINSERT INTO "tv_series" ("name", "start_time", "end_time", "channel_id", "created_at", "updated_at") VALUES ($1, $2, $3, $4, $5, $6) RETURNING "id"[0m  [["name", "IPL 2019 Final Highlights"], ["start_time", "14:00:00"], ["end_time", "15:00:00"], ["channel_id", 3], ["created_at", "2022-12-27 07:10:24.930029"], ["updated_at", "2022-12-27 07:10:24.930029"]]
  [1m[36mTRANSACTION (3.8ms)[0m  [1m[35mCOMMIT[0m
  [1m[36mTRANSACTION (0.1ms)[0m  [1m[35mBEGIN[0m
  [1m[36mTvSeries Create (0.3ms)[0m  [1m[32mINSERT INTO "tv_series" ("name", "start_time", "end_time", "channel_id", "created_at", "updated_at") VALUES ($1, $2, $3, $4, $5, $6) RETURNING "id"[0m  [["name", "Talk with Dhoni"], ["start_time", "15:00:00"], ["end_time", "16:00:00"], ["channel_id", 4], ["created_at", "2022-12-27 07:10:24.938102"], ["updated_at", "2022-12-27 07:10:24.938102"]]
  [1m[36mTRANSACTION (4.7ms)[0m  [1m[35mCOMMIT[0m
  [1m[36mTRANSACTION (0.2ms)[0m  [1m[35mBEGIN[0m
  [1m[36mTvSeries Create (0.3ms)[0m  [1m[32mINSERT INTO "tv_series" ("name", "start_time", "end_time", "channel_id", "created_at", "updated_at") VALUES ($1, $2, $3, $4, $5, $6) RETURNING "id"[0m  [["name", "World Cup Highlights"], ["start_time", "16:00:00"], ["end_time", "17:00:00"], ["channel_id", 4], ["created_at", "2022-12-27 07:10:24.946195"], ["updated_at", "2022-12-27 07:10:24.946195"]]
  [1m[36mTRANSACTION (4.3ms)[0m  [1m[35mCOMMIT[0m
  [1m[36mTRANSACTION (0.2ms)[0m  [1m[35mBEGIN[0m
  [1m[36mTvSeries Create (0.4ms)[0m  [1m[32mINSERT INTO "tv_series" ("name", "start_time", "end_time", "channel_id", "created_at", "updated_at") VALUES ($1, $2, $3, $4, $5, $6) RETURNING "id"[0m  [["name", "IPL Strategy"], ["start_time", "17:00:00"], ["end_time", "18:00:00"], ["channel_id", 4], ["created_at", "2022-12-27 07:10:24.954922"], ["updated_at", "2022-12-27 07:10:24.954922"]]
  [1m[36mTRANSACTION (3.8ms)[0m  [1m[35mCOMMIT[0m
  [1m[35m (0.2ms)[0m  [1m[34mSELECT pg_try_advisory_lock(7896155541439814355)[0m
  [1m[36mActiveRecord::SchemaMigration Pluck (0.4ms)[0m  [1m[34mSELECT "schema_migrations"."version" FROM "schema_migrations" ORDER BY "schema_migrations"."version" ASC[0m
Migrating to DeviseCreateUsers (20221227081208)
  [1m[36mTRANSACTION (0.2ms)[0m  [1m[35mBEGIN[0m
  [1m[35m (77.9ms)[0m  [1m[35mCREATE TABLE "users" ("id" bigserial primary key, "name" character varying, "email" character varying DEFAULT '' NOT NULL, "encrypted_password" character varying DEFAULT '' NOT NULL, "reset_password_token" character varying, "reset_password_sent_at" timestamp(6), "remember_created_at" timestamp(6), "created_at" timestamp(6) NOT NULL, "updated_at" timestamp(6) NOT NULL)[0m
  [1m[35m (23.5ms)[0m  [1m[35mCREATE UNIQUE INDEX "index_users_on_email" ON "users" ("email")[0m
  [1m[35m (32.0ms)[0m  [1m[35mCREATE UNIQUE INDEX "index_users_on_reset_password_token" ON "users" ("reset_password_token")[0m
  [1m[36mActiveRecord::SchemaMigration Create (1.9ms)[0m  [1m[32mINSERT INTO "schema_migrations" ("version") VALUES ($1) RETURNING "version"[0m  [["version", "20221227081208"]]
  [1m[36mTRANSACTION (10.3ms)[0m  [1m[35mCOMMIT[0m
  [1m[36mActiveRecord::InternalMetadata Load (0.6ms)[0m  [1m[34mSELECT "ar_internal_metadata".* FROM "ar_internal_metadata" WHERE "ar_internal_metadata"."key" = $1 LIMIT $2[0m  [["key", "environment"], ["LIMIT", 1]]
  [1m[35m (0.3ms)[0m  [1m[34mSELECT pg_advisory_unlock(7896155541439814355)[0m
  [1m[36mActiveRecord::SchemaMigration Pluck (0.5ms)[0m  [1m[34mSELECT "schema_migrations"."version" FROM "schema_migrations" ORDER BY "schema_migrations"."version" ASC[0m
Started GET "/" for 127.0.0.1 at 2022-12-27 13:45:46 +0530
  [1m[36mActiveRecord::SchemaMigration Pluck (0.6ms)[0m  [1m[34mSELECT "schema_migrations"."version" FROM "schema_migrations" ORDER BY "schema_migrations"."version" ASC[0m
Processing by WelcomeController#index as HTML
  Rendering layout layouts/application.html.erb
  Rendering welcome/index.html.erb within layouts/application
  Rendered welcome/index.html.erb within layouts/application (Duration: 6.3ms | Allocations: 1268)
  Rendered layout layouts/application.html.erb (Duration: 3980.7ms | Allocations: 116062)
Completed 200 OK in 4015ms (Views: 3986.5ms | ActiveRecord: 0.0ms | Allocations: 121414)


  [1m[35m (0.2ms)[0m  [1m[34mSELECT pg_try_advisory_lock(7896155541439814355)[0m
  [1m[36mActiveRecord::SchemaMigration Pluck (0.6ms)[0m  [1m[34mSELECT "schema_migrations"."version" FROM "schema_migrations" ORDER BY "schema_migrations"."version" ASC[0m
  [1m[36mActiveRecord::InternalMetadata Load (0.3ms)[0m  [1m[34mSELECT "ar_internal_metadata".* FROM "ar_internal_metadata" WHERE "ar_internal_metadata"."key" = $1 LIMIT $2[0m  [["key", "environment"], ["LIMIT", 1]]
  [1m[35m (0.4ms)[0m  [1m[34mSELECT pg_advisory_unlock(7896155541439814355)[0m
  [1m[36mActiveRecord::SchemaMigration Pluck (0.6ms)[0m  [1m[34mSELECT "schema_migrations"."version" FROM "schema_migrations" ORDER BY "schema_migrations"."version" ASC[0m
  [1m[35m (0.2ms)[0m  [1m[34mSELECT pg_try_advisory_lock(7896155541439814355)[0m
  [1m[36mActiveRecord::SchemaMigration Pluck (0.5ms)[0m  [1m[34mSELECT "schema_migrations"."version" FROM "schema_migrations" ORDER BY "schema_migrations"."version" ASC[0m
  [1m[36mActiveRecord::InternalMetadata Load (0.3ms)[0m  [1m[34mSELECT "ar_internal_metadata".* FROM "ar_internal_metadata" WHERE "ar_internal_metadata"."key" = $1 LIMIT $2[0m  [["key", "environment"], ["LIMIT", 1]]
  [1m[35m (0.3ms)[0m  [1m[34mSELECT pg_advisory_unlock(7896155541439814355)[0m
  [1m[36mActiveRecord::SchemaMigration Pluck (0.5ms)[0m  [1m[34mSELECT "schema_migrations"."version" FROM "schema_migrations" ORDER BY "schema_migrations"."version" ASC[0m
Started GET "/" for 127.0.0.1 at 2022-12-27 17:32:26 +0530
  
LoadError (cannot load such file -- sidekiq/cron/web):
  
config/routes.rb:2:in `<main>'
Started GET "/" for 127.0.0.1 at 2022-12-28 12:32:48 +0530
  
LoadError (cannot load such file -- sidekiq/cron/web):
  
config/routes.rb:2:in `<main>'
